<?xml version="1.0" encoding="UTF-8"?>
<!-- Generated by org.testng.reporters.JUnitReportReporter -->
<testsuite skipped="0" hostname="DESKTOP-L89640U" name="com.vcentry.lab.testCases.CheckoutPageValidator" tests="10" failures="0" timestamp="30 Jan 2023 05:15:44 GMT" time="130.514" errors="0">
  <testcase name="validateCheckoutPage" time="6.507" classname="com.vcentry.lab.testCases.CheckoutPageValidator"/>
  <testcase name="validateCheckoutPage" time="54.891" classname="com.vcentry.lab.testCases.CheckoutPageValidator"/>
  <testcase name="validateCheckoutPage" time="5.695" classname="com.vcentry.lab.testCases.CheckoutPageValidator"/>
  <testcase name="validateCheckoutPage" time="6.794" classname="com.vcentry.lab.testCases.CheckoutPageValidator"/>
  <testcase name="validateCheckoutPage" time="6.223" classname="com.vcentry.lab.testCases.CheckoutPageValidator"/>
  <testcase name="validateCheckoutPage" time="6.496" classname="com.vcentry.lab.testCases.CheckoutPageValidator"/>
  <testcase name="validateCheckoutPage" time="17.297" classname="com.vcentry.lab.testCases.CheckoutPageValidator"/>
  <testcase name="validateCheckoutPage" time="13.121" classname="com.vcentry.lab.testCases.CheckoutPageValidator"/>
  <testcase name="validateCheckoutPage" time="6.546" classname="com.vcentry.lab.testCases.CheckoutPageValidator"/>
  <testcase name="validateCheckoutPage" time="6.944" classname="com.vcentry.lab.testCases.CheckoutPageValidator"/>
</testsuite> <!-- com.vcentry.lab.testCases.CheckoutPageValidator -->
